<?xml version="1.0" encoding="UTF-8"?>
<!-- Generated by org.testng.reporters.JUnitXMLReporter -->
<testsuite ignored="0" hostname="7FPB863" failures="0" tests="5" name="Test" time="47.786" errors="0" timestamp="2025-02-19T14:40:16 IST">
  <testcase classname="RegistrationTest" name="testEmptyUsername" time="11.416"/>
  <testcase classname="RegistrationTest" name="testInvalidEmail" time="10.781"/>
  <testcase classname="RegistrationTest" name="testInvalidPhoneNumber" time="10.692"/>
  <testcase classname="RegistrationTest" name="testRegistrationForm" time="0.904"/>
  <testcase classname="RegistrationTest" name="testWeakPassword" time="10.553"/>
</testsuite> <!-- Test -->
