<?xml version="1.0" encoding="UTF-8"?>
<testng-results ignored="0" total="1" passed="1" failed="0" skipped="0">
  <reporter-output>
  </reporter-output>
  <suite started-at="2025-02-17T15:01:14 IST" name="Suite" finished-at="2025-02-17T15:01:27 IST" duration-ms="13365">
    <groups>
    </groups>
    <test started-at="2025-02-17T15:01:14 IST" name="Test" finished-at="2025-02-17T15:01:27 IST" duration-ms="13365">
      <class name="StaticPageTest">
        <test-method is-config="true" signature="setUp()[pri:0, instance:StaticPageTest@22ef9844]" started-at="2025-02-17T15:01:14 IST" name="setUp" finished-at="2025-02-17T15:01:16 IST" duration-ms="2367" status="PASS">
          <reporter-output>
          </reporter-output>
        </test-method> <!-- setUp -->
        <test-method signature="testStaticPage()[pri:0, instance:StaticPageTest@22ef9844]" started-at="2025-02-17T15:01:16 IST" name="testStaticPage" finished-at="2025-02-17T15:01:27 IST" duration-ms="10568" status="PASS">
          <reporter-output>
          </reporter-output>
        </test-method> <!-- testStaticPage -->
        <test-method is-config="true" signature="tearDown()[pri:0, instance:StaticPageTest@22ef9844]" started-at="2025-02-17T15:01:27 IST" name="tearDown" finished-at="2025-02-17T15:01:27 IST" duration-ms="386" status="PASS">
          <reporter-output>
          </reporter-output>
        </test-method> <!-- tearDown -->
      </class> <!-- StaticPageTest -->
    </test> <!-- Test -->
  </suite> <!-- Suite -->
</testng-results>
