<?xml version="1.0" encoding="UTF-8"?>
<testng-results ignored="0" total="5" passed="5" failed="0" skipped="0">
  <reporter-output>
  </reporter-output>
  <suite started-at="2025-02-19T14:39:28 IST" name="Suite" finished-at="2025-02-19T14:40:16 IST" duration-ms="47786">
    <groups>
    </groups>
    <test started-at="2025-02-19T14:39:28 IST" name="Test" finished-at="2025-02-19T14:40:16 IST" duration-ms="47786">
      <class name="RegistrationTest">
        <test-method is-config="true" signature="setUp()[pri:0, instance:RegistrationTest@740cae06]" started-at="2025-02-19T14:39:28 IST" name="setUp" finished-at="2025-02-19T14:39:31 IST" duration-ms="2618" status="PASS">
          <reporter-output>
          </reporter-output>
        </test-method> <!-- setUp -->
        <test-method signature="testEmptyUsername()[pri:0, instance:RegistrationTest@740cae06]" started-at="2025-02-19T14:39:31 IST" name="testEmptyUsername" finished-at="2025-02-19T14:39:42 IST" duration-ms="11416" status="PASS">
          <reporter-output>
          </reporter-output>
        </test-method> <!-- testEmptyUsername -->
        <test-method signature="testInvalidEmail()[pri:0, instance:RegistrationTest@740cae06]" started-at="2025-02-19T14:39:42 IST" name="testInvalidEmail" finished-at="2025-02-19T14:39:53 IST" duration-ms="10781" status="PASS">
          <reporter-output>
          </reporter-output>
        </test-method> <!-- testInvalidEmail -->
        <test-method signature="testInvalidPhoneNumber()[pri:0, instance:RegistrationTest@740cae06]" started-at="2025-02-19T14:39:53 IST" name="testInvalidPhoneNumber" finished-at="2025-02-19T14:40:04 IST" duration-ms="10692" status="PASS">
          <reporter-output>
          </reporter-output>
        </test-method> <!-- testInvalidPhoneNumber -->
        <test-method signature="testRegistrationForm()[pri:0, instance:RegistrationTest@740cae06]" started-at="2025-02-19T14:40:04 IST" name="testRegistrationForm" finished-at="2025-02-19T14:40:04 IST" duration-ms="904" status="PASS">
          <reporter-output>
          </reporter-output>
        </test-method> <!-- testRegistrationForm -->
        <test-method signature="testWeakPassword()[pri:0, instance:RegistrationTest@740cae06]" started-at="2025-02-19T14:40:04 IST" name="testWeakPassword" finished-at="2025-02-19T14:40:15 IST" duration-ms="10553" status="PASS">
          <reporter-output>
          </reporter-output>
        </test-method> <!-- testWeakPassword -->
        <test-method is-config="true" signature="tearDown()[pri:0, instance:RegistrationTest@740cae06]" started-at="2025-02-19T14:40:15 IST" name="tearDown" finished-at="2025-02-19T14:40:15 IST" duration-ms="323" status="PASS">
          <reporter-output>
          </reporter-output>
        </test-method> <!-- tearDown -->
        <test-method is-config="true" signature="tearDownReport()[pri:0, instance:RegistrationTest@740cae06]" started-at="2025-02-19T14:40:15 IST" name="tearDownReport" finished-at="2025-02-19T14:40:16 IST" duration-ms="448" status="PASS">
          <reporter-output>
          </reporter-output>
        </test-method> <!-- tearDownReport -->
      </class> <!-- RegistrationTest -->
    </test> <!-- Test -->
  </suite> <!-- Suite -->
</testng-results>
